<?xml version="1.0" encoding="UTF-8"?>
<!-- Generated by org.testng.reporters.JUnitXMLReporter -->
<testsuite hostname="JCHOWDRY1013WKS" name="Home Page Body in USA" tests="4" failures="1" timestamp="14 Oct 2014 19:12:26 GMT" time="121.397" errors="0">
  <testcase name="heroImageTest" time="20.553" classname="spafinder.com.HomepageBody_USA"/>
  <testcase name="newslettersTest" time="25.072" classname="spafinder.com.HomepageBody_USA"/>
  <testcase name="pageTitleTest" time="5.126" classname="spafinder.com.HomepageBody_USA"/>
  <testcase name="wellnessLifestyleTest" time="58.207" classname="spafinder.com.HomepageBody_USA">
    <failure type="org.openqa.selenium.NoSuchElementException" message="Unable to locate element: {&amp;quot;method&amp;quot;:&amp;quot;xpath&amp;quot;,&amp;quot;selector&amp;quot;:&amp;quot;//*[@id=&amp;apos;content&amp;apos;]/section[4]/article[2]/a[2]&amp;quot;}
Command duration or timeout: 40.03 seconds
For documentation on this error, please visit: http://seleniumhq.org/exceptions/no_such_element.html
Build info: version: &amp;apos;2.43.0&amp;apos;, revision: &amp;apos;597b76b&amp;apos;, time: &amp;apos;2014-09-09 20:52:38&amp;apos;
System info: host: &amp;apos;JCHOWDRY1013WKS&amp;apos;, ip: &amp;apos;192.168.71.102&amp;apos;, os.name: &amp;apos;Windows 7&amp;apos;, os.arch: &amp;apos;amd64&amp;apos;, os.version: &amp;apos;6.1&amp;apos;, java.version: &amp;apos;1.7.0_40&amp;apos;
Session ID: 44e0ffbf-34a2-4fcd-8dee-aa79201dd45f
Driver info: org.openqa.selenium.firefox.FirefoxDriver
Capabilities [{platform=WINDOWS, databaseEnabled=true, cssSelectorsEnabled=true, javascriptEnabled=true, acceptSslCerts=true, handlesAlerts=true, browserName=firefox, webStorageEnabled=true, nativeEvents=true, rotatable=false, locationContextEnabled=true, applicationCacheEnabled=true, takesScreenshot=true, version=32.0.3}]">
      <![CDATA[org.openqa.selenium.NoSuchElementException: Unable to locate element: {"method":"xpath","selector":"//*[@id='content']/section[4]/article[2]/a[2]"}
Command duration or timeout: 40.03 seconds
For documentation on this error, please visit: http://seleniumhq.org/exceptions/no_such_element.html
Build info: version: '2.43.0', revision: '597b76b', time: '2014-09-09 20:52:38'
System info: host: 'JCHOWDRY1013WKS', ip: '192.168.71.102', os.name: 'Windows 7', os.arch: 'amd64', os.version: '6.1', java.version: '1.7.0_40'
Session ID: 44e0ffbf-34a2-4fcd-8dee-aa79201dd45f
Driver info: org.openqa.selenium.firefox.FirefoxDriver
Capabilities [{platform=WINDOWS, databaseEnabled=true, cssSelectorsEnabled=true, javascriptEnabled=true, acceptSslCerts=true, handlesAlerts=true, browserName=firefox, webStorageEnabled=true, nativeEvents=true, rotatable=false, locationContextEnabled=true, applicationCacheEnabled=true, takesScreenshot=true, version=32.0.3}]
	at org.openqa.selenium.remote.ErrorHandler.createThrowable(ErrorHandler.java:204)
	at org.openqa.selenium.remote.ErrorHandler.throwIfResponseFailed(ErrorHandler.java:156)
	at org.openqa.selenium.remote.RemoteWebDriver.execute(RemoteWebDriver.java:599)
	at org.openqa.selenium.remote.RemoteWebDriver.findElement(RemoteWebDriver.java:352)
	at org.openqa.selenium.remote.RemoteWebDriver.findElementByXPath(RemoteWebDriver.java:449)
	at org.openqa.selenium.By$ByXPath.findElement(By.java:357)
	at org.openqa.selenium.remote.RemoteWebDriver.findElement(RemoteWebDriver.java:344)
	at org.openqa.selenium.support.events.EventFiringWebDriver$2.invoke(EventFiringWebDriver.java:101)
	at com.sun.proxy.$Proxy10.findElement(Unknown Source)
	at org.openqa.selenium.support.events.EventFiringWebDriver.findElement(EventFiringWebDriver.java:184)
	at spafinder.com.abstractor.AbstractClass.clickByXpath(AbstractClass.java:275)
	at spafinder.com.HomepageBody_USA.wellnessLifestyleTest(HomepageBody_USA.java:66)
Caused by: org.openqa.selenium.NoSuchElementException: Unable to locate element: {"method":"xpath","selector":"//*[@id='content']/section[4]/article[2]/a[2]"}
For documentation on this error, please visit: http://seleniumhq.org/exceptions/no_such_element.html
Build info: version: '2.43.0', revision: '597b76b', time: '2014-09-09 20:52:38'
System info: host: 'JCHOWDRY1013WKS', ip: '192.168.71.102', os.name: 'Windows 7', os.arch: 'amd64', os.version: '6.1', java.version: '1.7.0_40'
Driver info: driver.version: unknown
	at <anonymous class>.FirefoxDriver.prototype.findElementInternal_(file:///C:/Users/JAVED~1.CHO/AppData/Local/Temp/anonymous4003657312469221512webdriver-profile/extensions/fxdriver@googlecode.com/components/driver-component.js:9618:133)
	at <anonymous class>.fxdriver.Timer.prototype.setTimeout/<.notify(file:///C:/Users/JAVED~1.CHO/AppData/Local/Temp/anonymous4003657312469221512webdriver-profile/extensions/fxdriver@googlecode.com/components/driver-component.js:548:5)
... Removed 29 stack frames]]>
    </failure>
  </testcase> <!-- wellnessLifestyleTest -->
</testsuite> <!-- Home Page Body in USA -->
